Build started 2012-02-04 22:44:41.
     1>Project "C:\Users\Mateusz\documents\visual studio 2010\Projects\SoketSerwer\SoketKlient\SoketKlient.vcxproj" on node 2 (build target(s)).
     1>InitializeBuildStatus:
         Creating "Debug\SoketKlient.unsuccessfulbuild" because "AlwaysCreate" was specified.
       ClCompile:
         C:\Program Files (x86)\Microsoft Visual Studio 10.0\VC\bin\CL.exe /c /ZI /nologo /W3 /WX- /Od /Oy- /D WIN32 /D _DEBUG /D _CONSOLE /D _UNICODE /D UNICODE /Gm /EHsc /RTC1 /MDd /GS /fp:precise /Zc:wchar_t /Zc:forScope /Fo"Debug\\" /Fd"Debug\vc100.pdb" /Gd /TP /analyze- /errorReport:prompt SoketKlient.cpp
         SoketKlient.cpp
     1>c:\users\mateusz\documents\visual studio 2010\projects\soketserwer\soketklient\soketklient.cpp(48): warning C4996: 'strcpy': This function or variable may be unsafe. Consider using strcpy_s instead. To disable deprecation, use _CRT_SECURE_NO_WARNINGS. See online help for details.
                 c:\program files (x86)\microsoft visual studio 10.0\vc\include\string.h(105) : see declaration of 'strcpy'
     1>c:\users\mateusz\documents\visual studio 2010\projects\soketserwer\soketklient\soketklient.cpp(78): warning C4996: 'strcpy': This function or variable may be unsafe. Consider using strcpy_s instead. To disable deprecation, use _CRT_SECURE_NO_WARNINGS. See online help for details.
                 c:\program files (x86)\microsoft visual studio 10.0\vc\include\string.h(105) : see declaration of 'strcpy'
     1>c:\users\mateusz\documents\visual studio 2010\projects\soketserwer\soketklient\soketklient.cpp(63): warning C4101: 'qwe' : unreferenced local variable
       ManifestResourceCompile:
         All outputs are up-to-date.
       Link:
         C:\Program Files (x86)\Microsoft Visual Studio 10.0\VC\bin\link.exe /ERRORREPORT:PROMPT /OUT:"C:\Users\Mateusz\documents\visual studio 2010\Projects\SoketSerwer\Debug\SoketKlient.exe" /INCREMENTAL /NOLOGO kernel32.lib user32.lib gdi32.lib winspool.lib comdlg32.lib advapi32.lib shell32.lib ole32.lib oleaut32.lib uuid.lib odbc32.lib odbccp32.lib ws2_32.lib kernel32.lib user32.lib gdi32.lib winspool.lib comdlg32.lib advapi32.lib shell32.lib ole32.lib oleaut32.lib uuid.lib odbc32.lib odbccp32.lib /MANIFEST /ManifestFile:"Debug\SoketKlient.exe.intermediate.manifest" /MANIFESTUAC:"level='asInvoker' uiAccess='false'" /DEBUG /PDB:"C:\Users\Mateusz\documents\visual studio 2010\Projects\SoketSerwer\Debug\SoketKlient.pdb" /SUBSYSTEM:CONSOLE /TLBID:1 /DYNAMICBASE /NXCOMPAT /IMPLIB:"C:\Users\Mateusz\documents\visual studio 2010\Projects\SoketSerwer\Debug\SoketKlient.lib" /MACHINE:X86 Debug\SoketKlient.exe.embed.manifest.res
         Debug\SoketKlient.obj
         Debug\stdafx.obj
       Manifest:
         C:\Program Files (x86)\Microsoft SDKs\Windows\v7.0A\bin\mt.exe /nologo /verbose /out:"Debug\SoketKlient.exe.embed.manifest" /manifest Debug\SoketKlient.exe.intermediate.manifest
         All outputs are up-to-date.
       LinkEmbedManifest:
         All outputs are up-to-date.
         SoketKlient.vcxproj -> C:\Users\Mateusz\documents\visual studio 2010\Projects\SoketSerwer\Debug\SoketKlient.exe
       FinalizeBuildStatus:
         Deleting file "Debug\SoketKlient.unsuccessfulbuild".
         Touching "Debug\SoketKlient.lastbuildstate".
     1>Done Building Project "C:\Users\Mateusz\documents\visual studio 2010\Projects\SoketSerwer\SoketKlient\SoketKlient.vcxproj" (build target(s)).

Build succeeded.

Time Elapsed 00:00:01.92
