C:\USERS\MATEUSZ\DOCUMENTS\VISUAL STUDIO 2010\PROJECTS\SOKETSERWER\DEBUG\SOKETKLIENT.EXE
C:\USERS\MATEUSZ\DOCUMENTS\VISUAL STUDIO 2010\PROJECTS\SOKETSERWER\DEBUG\SOKETKLIENT.ILK
C:\USERS\MATEUSZ\DOCUMENTS\VISUAL STUDIO 2010\PROJECTS\SOKETSERWER\DEBUG\SOKETKLIENT.PDB
C:\USERS\MATEUSZ\DOCUMENTS\VISUAL STUDIO 2010\PROJECTS\SOKETSERWER\SOKETKLIENT\DEBUG\SOKETKLIENT.EXE.EMBED.MANIFEST
C:\USERS\MATEUSZ\DOCUMENTS\VISUAL STUDIO 2010\PROJECTS\SOKETSERWER\SOKETKLIENT\DEBUG\SOKETKLIENT.EXE.EMBED.MANIFEST.RES
C:\USERS\MATEUSZ\DOCUMENTS\VISUAL STUDIO 2010\PROJECTS\SOKETSERWER\SOKETKLIENT\DEBUG\SOKETKLIENT.EXE.INTERMEDIATE.MANIFEST
C:\USERS\MATEUSZ\DOCUMENTS\VISUAL STUDIO 2010\PROJECTS\SOKETSERWER\SOKETKLIENT\DEBUG\SOKETKLIENT.OBJ
C:\USERS\MATEUSZ\DOCUMENTS\VISUAL STUDIO 2010\PROJECTS\SOKETSERWER\SOKETKLIENT\DEBUG\STDAFX.OBJ
C:\USERS\MATEUSZ\DOCUMENTS\VISUAL STUDIO 2010\PROJECTS\SOKETSERWER\SOKETKLIENT\DEBUG\VC100.PDB
G:\Projekty\Projekt-Quad\Debug\SoketKlient.exe
G:\Projekty\Projekt-Quad\Debug\SoketKlient.ilk
G:\Projekty\Projekt-Quad\Debug\SoketKlient.pdb
G:\Projekty\Projekt-Quad\SoketKlient\Debug\cl.command.1.tlog
G:\Projekty\Projekt-Quad\SoketKlient\Debug\CL.read.1.tlog
G:\Projekty\Projekt-Quad\SoketKlient\Debug\CL.write.1.tlog
G:\Projekty\Projekt-Quad\SoketKlient\Debug\link.3844.read.1.tlog
G:\Projekty\Projekt-Quad\SoketKlient\Debug\link.3844.write.1.tlog
G:\Projekty\Projekt-Quad\SoketKlient\Debug\link.3844-cvtres.read.1.tlog
G:\Projekty\Projekt-Quad\SoketKlient\Debug\link.3844-cvtres.write.1.tlog
G:\Projekty\Projekt-Quad\SoketKlient\Debug\link.3956.read.1.tlog
G:\Projekty\Projekt-Quad\SoketKlient\Debug\link.3956.write.1.tlog
G:\Projekty\Projekt-Quad\SoketKlient\Debug\link.3956-cvtres.read.1.tlog
G:\Projekty\Projekt-Quad\SoketKlient\Debug\link.3956-cvtres.write.1.tlog
G:\Projekty\Projekt-Quad\SoketKlient\Debug\link.5796.read.1.tlog
G:\Projekty\Projekt-Quad\SoketKlient\Debug\link.5796.write.1.tlog
G:\Projekty\Projekt-Quad\SoketKlient\Debug\link.5796-cvtres.read.1.tlog
G:\Projekty\Projekt-Quad\SoketKlient\Debug\link.5796-cvtres.write.1.tlog
G:\Projekty\Projekt-Quad\SoketKlient\Debug\link.8308.read.1.tlog
G:\Projekty\Projekt-Quad\SoketKlient\Debug\link.8308.write.1.tlog
G:\Projekty\Projekt-Quad\SoketKlient\Debug\link.8308-cvtres.read.1.tlog
G:\Projekty\Projekt-Quad\SoketKlient\Debug\link.8308-cvtres.write.1.tlog
G:\Projekty\Projekt-Quad\SoketKlient\Debug\link.8340.read.1.tlog
G:\Projekty\Projekt-Quad\SoketKlient\Debug\link.8340.write.1.tlog
G:\Projekty\Projekt-Quad\SoketKlient\Debug\link.8340-cvtres.read.1.tlog
G:\Projekty\Projekt-Quad\SoketKlient\Debug\link.8340-cvtres.write.1.tlog
G:\Projekty\Projekt-Quad\SoketKlient\Debug\link.8348.read.1.tlog
G:\Projekty\Projekt-Quad\SoketKlient\Debug\link.8348.write.1.tlog
G:\Projekty\Projekt-Quad\SoketKlient\Debug\link.8348-cvtres.read.1.tlog
G:\Projekty\Projekt-Quad\SoketKlient\Debug\link.8348-cvtres.write.1.tlog
G:\Projekty\Projekt-Quad\SoketKlient\Debug\link.8644.read.1.tlog
G:\Projekty\Projekt-Quad\SoketKlient\Debug\link.8644.write.1.tlog
G:\Projekty\Projekt-Quad\SoketKlient\Debug\link.8644-cvtres.read.1.tlog
G:\Projekty\Projekt-Quad\SoketKlient\Debug\link.8644-cvtres.write.1.tlog
G:\Projekty\Projekt-Quad\SoketKlient\Debug\link.command.1.tlog
G:\Projekty\Projekt-Quad\SoketKlient\Debug\link.read.1.tlog
G:\Projekty\Projekt-Quad\SoketKlient\Debug\link.write.1.tlog
G:\Projekty\Projekt-Quad\SoketKlient\Debug\link-cvtres.read.1.tlog
G:\Projekty\Projekt-Quad\SoketKlient\Debug\link-cvtres.write.1.tlog
G:\Projekty\Projekt-Quad\SoketKlient\Debug\mt.command.1.tlog
G:\Projekty\Projekt-Quad\SoketKlient\Debug\mt.read.1.tlog
G:\Projekty\Projekt-Quad\SoketKlient\Debug\mt.write.1.tlog
G:\Projekty\Projekt-Quad\SoketKlient\Debug\rc.command.1.tlog
G:\Projekty\Projekt-Quad\SoketKlient\Debug\rc.read.1.tlog
G:\Projekty\Projekt-Quad\SoketKlient\Debug\rc.write.1.tlog
G:\Projekty\Projekt-Quad\SoketKlient\Debug\SoketKlient.exe.embed.manifest
G:\Projekty\Projekt-Quad\SoketKlient\Debug\SoketKlient.exe.embed.manifest.res
G:\Projekty\Projekt-Quad\SoketKlient\Debug\SoketKlient.exe.intermediate.manifest
G:\Projekty\Projekt-Quad\SoketKlient\Debug\SoketKlient.obj
G:\Projekty\Projekt-Quad\SoketKlient\Debug\SoketKlient_manifest.rc
G:\Projekty\Projekt-Quad\SoketKlient\Debug\stdafx.obj
G:\Projekty\Projekt-Quad\SoketKlient\Debug\vc100.idb
G:\Projekty\Projekt-Quad\SoketKlient\Debug\vc100.pdb
