Build started 2012-02-12 16:26:49.
     1>Project "G:\Projekty\Projekt-Quad\SoketSerwer\SoketSerwer.vcxproj" on node 2 (build target(s)).
     1>InitializeBuildStatus:
         Creating "Debug\SoketSerwer.unsuccessfulbuild" because "AlwaysCreate" was specified.
       ClCompile:
         C:\Program Files (x86)\Microsoft Visual Studio 10.0\VC\bin\CL.exe /c /ZI /nologo /W3 /WX- /Od /Oy- /D WIN32 /D _DEBUG /D _CONSOLE /D _UNICODE /D UNICODE /Gm /EHsc /RTC1 /MDd /GS /fp:precise /Zc:wchar_t /Zc:forScope /Fo"Debug\\" /Fd"Debug\vc100.pdb" /Gd /TP /analyze- /errorReport:prompt SoketSerwer.cpp
         SoketSerwer.cpp
       ManifestResourceCompile:
         All outputs are up-to-date.
       Link:
         C:\Program Files (x86)\Microsoft Visual Studio 10.0\VC\bin\link.exe /ERRORREPORT:PROMPT /OUT:"G:\Projekty\Projekt-Quad\Debug\SoketSerwer.exe" /INCREMENTAL /NOLOGO kernel32.lib user32.lib gdi32.lib winspool.lib comdlg32.lib advapi32.lib shell32.lib ole32.lib oleaut32.lib uuid.lib odbc32.lib odbccp32.lib ws2_32.lib kernel32.lib user32.lib gdi32.lib winspool.lib comdlg32.lib advapi32.lib shell32.lib ole32.lib oleaut32.lib uuid.lib odbc32.lib odbccp32.lib /MANIFEST /ManifestFile:"Debug\SoketSerwer.exe.intermediate.manifest" /MANIFESTUAC:"level='asInvoker' uiAccess='false'" /DEBUG /PDB:"G:\Projekty\Projekt-Quad\Debug\SoketSerwer.pdb" /SUBSYSTEM:CONSOLE /TLBID:1 /DYNAMICBASE /NXCOMPAT /IMPLIB:"G:\Projekty\Projekt-Quad\Debug\SoketSerwer.lib" /MACHINE:X86 Debug\SoketSerwer.exe.embed.manifest.res
         Debug\SoketSerwer.obj
         Debug\stdafx.obj
       Manifest:
         C:\Program Files (x86)\Microsoft SDKs\Windows\v7.0A\bin\mt.exe /nologo /verbose /out:"Debug\SoketSerwer.exe.embed.manifest" /manifest Debug\SoketSerwer.exe.intermediate.manifest
         All outputs are up-to-date.
       LinkEmbedManifest:
         All outputs are up-to-date.
         SoketSerwer.vcxproj -> G:\Projekty\Projekt-Quad\Debug\SoketSerwer.exe
       FinalizeBuildStatus:
         Deleting file "Debug\SoketSerwer.unsuccessfulbuild".
         Touching "Debug\SoketSerwer.lastbuildstate".
     1>Done Building Project "G:\Projekty\Projekt-Quad\SoketSerwer\SoketSerwer.vcxproj" (build target(s)).

Build succeeded.

Time Elapsed 00:00:04.86
