C:\USERS\MATEUSZ\DOCUMENTS\VISUAL STUDIO 2010\PROJECTS\SOKETSERWER\DEBUG\SOKETSERWER.EXE
C:\USERS\MATEUSZ\DOCUMENTS\VISUAL STUDIO 2010\PROJECTS\SOKETSERWER\DEBUG\SOKETSERWER.ILK
C:\USERS\MATEUSZ\DOCUMENTS\VISUAL STUDIO 2010\PROJECTS\SOKETSERWER\DEBUG\SOKETSERWER.PDB
C:\USERS\MATEUSZ\DOCUMENTS\VISUAL STUDIO 2010\PROJECTS\SOKETSERWER\SOKETSERWER\DEBUG\SOKETSERWER.EXE.EMBED.MANIFEST
C:\USERS\MATEUSZ\DOCUMENTS\VISUAL STUDIO 2010\PROJECTS\SOKETSERWER\SOKETSERWER\DEBUG\SOKETSERWER.EXE.EMBED.MANIFEST.RES
C:\USERS\MATEUSZ\DOCUMENTS\VISUAL STUDIO 2010\PROJECTS\SOKETSERWER\SOKETSERWER\DEBUG\SOKETSERWER.EXE.INTERMEDIATE.MANIFEST
C:\USERS\MATEUSZ\DOCUMENTS\VISUAL STUDIO 2010\PROJECTS\SOKETSERWER\SOKETSERWER\DEBUG\SOKETSERWER.OBJ
C:\USERS\MATEUSZ\DOCUMENTS\VISUAL STUDIO 2010\PROJECTS\SOKETSERWER\SOKETSERWER\DEBUG\STDAFX.OBJ
C:\USERS\MATEUSZ\DOCUMENTS\VISUAL STUDIO 2010\PROJECTS\SOKETSERWER\SOKETSERWER\DEBUG\VC100.PDB
G:\Projekty\Projekt-Quad\Debug\SoketSerwer.exe
G:\Projekty\Projekt-Quad\Debug\SoketSerwer.ilk
G:\Projekty\Projekt-Quad\Debug\SoketSerwer.pdb
G:\Projekty\Projekt-Quad\SoketSerwer\Debug\cl.command.1.tlog
G:\Projekty\Projekt-Quad\SoketSerwer\Debug\CL.read.1.tlog
G:\Projekty\Projekt-Quad\SoketSerwer\Debug\CL.write.1.tlog
G:\Projekty\Projekt-Quad\SoketSerwer\Debug\link.4136.read.1.tlog
G:\Projekty\Projekt-Quad\SoketSerwer\Debug\link.4136.write.1.tlog
G:\Projekty\Projekt-Quad\SoketSerwer\Debug\link.4136-cvtres.read.1.tlog
G:\Projekty\Projekt-Quad\SoketSerwer\Debug\link.4136-cvtres.write.1.tlog
G:\Projekty\Projekt-Quad\SoketSerwer\Debug\link.5164.read.1.tlog
G:\Projekty\Projekt-Quad\SoketSerwer\Debug\link.5164.write.1.tlog
G:\Projekty\Projekt-Quad\SoketSerwer\Debug\link.5164-cvtres.read.1.tlog
G:\Projekty\Projekt-Quad\SoketSerwer\Debug\link.5164-cvtres.write.1.tlog
G:\Projekty\Projekt-Quad\SoketSerwer\Debug\link.6040.read.1.tlog
G:\Projekty\Projekt-Quad\SoketSerwer\Debug\link.6040.write.1.tlog
G:\Projekty\Projekt-Quad\SoketSerwer\Debug\link.6040-cvtres.read.1.tlog
G:\Projekty\Projekt-Quad\SoketSerwer\Debug\link.6040-cvtres.write.1.tlog
G:\Projekty\Projekt-Quad\SoketSerwer\Debug\link.6216.read.1.tlog
G:\Projekty\Projekt-Quad\SoketSerwer\Debug\link.6216.write.1.tlog
G:\Projekty\Projekt-Quad\SoketSerwer\Debug\link.6216-cvtres.read.1.tlog
G:\Projekty\Projekt-Quad\SoketSerwer\Debug\link.6216-cvtres.write.1.tlog
G:\Projekty\Projekt-Quad\SoketSerwer\Debug\link.9280.read.1.tlog
G:\Projekty\Projekt-Quad\SoketSerwer\Debug\link.9280.write.1.tlog
G:\Projekty\Projekt-Quad\SoketSerwer\Debug\link.9280-cvtres.read.1.tlog
G:\Projekty\Projekt-Quad\SoketSerwer\Debug\link.9280-cvtres.write.1.tlog
G:\Projekty\Projekt-Quad\SoketSerwer\Debug\link.command.1.tlog
G:\Projekty\Projekt-Quad\SoketSerwer\Debug\link.read.1.tlog
G:\Projekty\Projekt-Quad\SoketSerwer\Debug\link.write.1.tlog
G:\Projekty\Projekt-Quad\SoketSerwer\Debug\link-cvtres.read.1.tlog
G:\Projekty\Projekt-Quad\SoketSerwer\Debug\link-cvtres.write.1.tlog
G:\Projekty\Projekt-Quad\SoketSerwer\Debug\mt.command.1.tlog
G:\Projekty\Projekt-Quad\SoketSerwer\Debug\mt.read.1.tlog
G:\Projekty\Projekt-Quad\SoketSerwer\Debug\mt.write.1.tlog
G:\Projekty\Projekt-Quad\SoketSerwer\Debug\rc.command.1.tlog
G:\Projekty\Projekt-Quad\SoketSerwer\Debug\rc.read.1.tlog
G:\Projekty\Projekt-Quad\SoketSerwer\Debug\rc.write.1.tlog
G:\Projekty\Projekt-Quad\SoketSerwer\Debug\SoketSerwer.exe.embed.manifest
G:\Projekty\Projekt-Quad\SoketSerwer\Debug\SoketSerwer.exe.embed.manifest.res
G:\Projekty\Projekt-Quad\SoketSerwer\Debug\SoketSerwer.exe.intermediate.manifest
G:\Projekty\Projekt-Quad\SoketSerwer\Debug\SoketSerwer.obj
G:\Projekty\Projekt-Quad\SoketSerwer\Debug\SoketSerwer_manifest.rc
G:\Projekty\Projekt-Quad\SoketSerwer\Debug\stdafx.obj
G:\Projekty\Projekt-Quad\SoketSerwer\Debug\vc100.idb
G:\Projekty\Projekt-Quad\SoketSerwer\Debug\vc100.pdb
